<?xml version="1.0" encoding="UTF-8"?>
<!-- Generated by org.testng.reporters.JUnitXMLReporter -->
<testsuite ignored="6" hostname="BDC6-L-FCY7FL3" failures="1" tests="8" name="Functional Testing" time="13.395" errors="0" timestamp="2022-04-13T12:10:39 IST">
  <testcase classname="ui.verifytitaltest" name="TitleTest" time="7.096"/>
  <testcase classname="ui.LoginTest" name="bloginTest" time="0.001"/>
  <testcase classname="ui.LoginTest" name="alogout" time="0.001"/>
  <testcase classname="ui.groupdemotesting" name="atest3" time="0.001"/>
  <testcase classname="ui.groupdemotesting" name="atest4" time="0.004"/>
  <testcase classname="ui.groupdemotesting" name="btest1" time="0.002"/>
  <testcase classname="ui.groupdemotesting" name="atest2" time="0.001"/>
  <testcase classname="ui.verifytitleandtext" name="TitleTest" time="6.229">
    <failure type="java.lang.AssertionError" message="The following asserts failed:
	Text verification failed expected [Search1] but found [Search]">
      <![CDATA[java.lang.AssertionError: The following asserts failed:
Text verification failed expected [Search1] but found [Search]
at ui.verifytitleandtext.TitleTest(verifytitleandtext.java:37)
at java.base/java.util.ArrayList.forEach(ArrayList.java:1511)
... Removed 30 stack frames]]>
    </failure>
  </testcase> <!-- TitleTest -->
  <testcase classname="common.commondatasetup" name="@BeforeSuite datasetup" time="0.0">
    <ignored/>
  </testcase> <!-- @BeforeSuite datasetup -->
  <testcase classname="common.commondatasetup" name="@BeforeSuite datasetup" time="0.0">
    <ignored/>
  </testcase> <!-- @BeforeSuite datasetup -->
  <testcase classname="common.commondatasetup" name="@BeforeSuite datasetup" time="0.0">
    <ignored/>
  </testcase> <!-- @BeforeSuite datasetup -->
  <testcase classname="common.commondatasetup" name="@AfterSuite dataTeardown" time="0.0">
    <ignored/>
  </testcase> <!-- @AfterSuite dataTeardown -->
  <testcase classname="common.commondatasetup" name="@AfterSuite dataTeardown" time="0.0">
    <ignored/>
  </testcase> <!-- @AfterSuite dataTeardown -->
  <testcase classname="common.commondatasetup" name="@AfterSuite dataTeardown" time="0.0">
    <ignored/>
  </testcase> <!-- @AfterSuite dataTeardown -->
</testsuite> <!-- Functional Testing -->
