<?xml version="1.0" encoding="UTF-8"?>
<!-- Generated by org.testng.reporters.JUnitReportReporter -->
<testsuite hostname="BDC6-L-FCY7FL3" failures="1" tests="2" name="com.extentreport.testclass" time="13.322" errors="0" timestamp="2022-08-19T23:34:47 IST" skipped="0">
  <testcase classname="com.extentreport.testclass" name="Testfacebook" time="9.338">
    <failure message="The following asserts failed:
	the title is mismatched expected [Log in to Facebook123] but found [Facebook – log in or sign up],
	The URL is same did not expect [https://www.facebook.com/] but found [https://www.facebook.com/],
	The text is mismached expected [] but found [abcd@gm.com],
	The border is mismatched expected [1px solid rgb(240, 40, 73)] but found [0.666667px solid rgb(24, 119, 242)]" type="java.lang.AssertionError">
      <![CDATA[java.lang.AssertionError: The following asserts failed:
the title is mismatched expected [Log in to Facebook123] but found [Facebook – log in or sign up],
The URL is same did not expect [https://www.facebook.com/] but found [https://www.facebook.com/],
The text is mismached expected [] but found [abcd@gm.com],
The border is mismatched expected [1px solid rgb(240, 40, 73)] but found [0.666667px solid rgb(24, 119, 242)]
at org.testng.asserts.SoftAssert.assertAll(SoftAssert.java:47)
at org.testng.asserts.SoftAssert.assertAll(SoftAssert.java:31)
at com.extentreport.testclass.Testfacebook(testclass.java:62)
at java.base/jdk.internal.reflect.NativeMethodAccessorImpl.invoke0(Native Method)
at java.base/jdk.internal.reflect.NativeMethodAccessorImpl.invoke(NativeMethodAccessorImpl.java:77)
at java.base/jdk.internal.reflect.DelegatingMethodAccessorImpl.invoke(DelegatingMethodAccessorImpl.java:43)
at java.base/java.lang.reflect.Method.invoke(Method.java:568)
at org.testng.internal.MethodInvocationHelper.invokeMethod(MethodInvocationHelper.java:133)
at org.testng.internal.TestInvoker.invokeMethod(TestInvoker.java:598)
at org.testng.internal.TestInvoker.invokeTestMethod(TestInvoker.java:173)
at org.testng.internal.MethodRunner.runInSequence(MethodRunner.java:46)
at org.testng.internal.TestInvoker$MethodInvocationAgent.invoke(TestInvoker.java:824)
at org.testng.internal.TestInvoker.invokeTestMethods(TestInvoker.java:146)
at org.testng.internal.TestMethodWorker.invokeTestMethods(TestMethodWorker.java:146)
at org.testng.internal.TestMethodWorker.run(TestMethodWorker.java:128)
at java.base/java.util.ArrayList.forEach(ArrayList.java:1511)
at org.testng.TestRunner.privateRun(TestRunner.java:794)
at org.testng.TestRunner.run(TestRunner.java:596)
at org.testng.SuiteRunner.runTest(SuiteRunner.java:377)
at org.testng.SuiteRunner.runSequentially(SuiteRunner.java:371)
at org.testng.SuiteRunner.privateRun(SuiteRunner.java:332)
at org.testng.SuiteRunner.run(SuiteRunner.java:276)
at org.testng.SuiteRunnerWorker.runSuite(SuiteRunnerWorker.java:53)
at org.testng.SuiteRunnerWorker.run(SuiteRunnerWorker.java:96)
at org.testng.TestNG.runSuitesSequentially(TestNG.java:1212)
at org.testng.TestNG.runSuitesLocally(TestNG.java:1134)
at org.testng.TestNG.runSuites(TestNG.java:1063)
at org.testng.TestNG.run(TestNG.java:1031)
at org.testng.remote.AbstractRemoteTestNG.run(AbstractRemoteTestNG.java:115)
at org.testng.remote.RemoteTestNG.initAndRun(RemoteTestNG.java:251)
at org.testng.remote.RemoteTestNG.main(RemoteTestNG.java:77)
]]>
    </failure>
  </testcase> <!-- Testfacebook -->
  <system-out/>
  <testcase classname="com.extentreport.testclass" name="testgoogle" time="3.984"/>
  <system-out/>
</testsuite> <!-- com.extentreport.testclass -->
